<?xml version="1.0" encoding="UTF-8"?>
<testng-results skipped="0" failed="0" ignored="0" total="1" passed="1">
  <reporter-output>
  </reporter-output>
  <suite name="Default suite" duration-ms="10316" started-at="2022-08-01T11:09:51Z" finished-at="2022-08-01T11:10:02Z">
    <groups>
    </groups>
    <test name="Default test" duration-ms="10316" started-at="2022-08-01T11:09:51Z" finished-at="2022-08-01T11:10:02Z">
      <class name="com.dfasdf.tessst">
        <test-method status="PASS" signature="launch()[pri:0, instance:com.dfasdf.tessst@6b09bb57]" name="launch" duration-ms="10226" started-at="2022-08-01T11:09:52Z" finished-at="2022-08-01T11:10:02Z">
          <reporter-output>
          </reporter-output>
        </test-method> <!-- launch -->
      </class> <!-- com.dfasdf.tessst -->
    </test> <!-- Default test -->
  </suite> <!-- Default suite -->
</testng-results>
